[2023-06-10 14:20:03.417] [info] Loaded model P01_scaled from file C:\Users\Balu\Nextcloud\Documents\MA\Code\Kira_MSc_data\P01\\pre\model\FINAL_PERSONALISEDTORSIONS_scaled_final.osim
[2023-06-10 14:20:03.419] [warning] Couldn't find file 'treadmill.vtp'.
[2023-06-10 14:20:03.420] [warning] Couldn't find file 'sacrum.vtp'.
[2023-06-10 14:20:03.421] [warning] Couldn't find file 'pelvis.vtp'.
[2023-06-10 14:20:03.421] [warning] Couldn't find file 'l_pelvis.vtp'.
[2023-06-10 14:20:03.423] [warning] Couldn't find file 'fibula.vtp'.
[2023-06-10 14:20:03.425] [warning] Couldn't find file 'fibula_l.vtp'.
[2023-06-10 14:20:03.426] [warning] Couldn't find file 'hat_spine.vtp'.
[2023-06-10 14:20:03.427] [warning] Couldn't find file 'hat_jaw.vtp'.
[2023-06-10 14:20:03.428] [warning] Couldn't find file 'hat_skull.vtp'.
[2023-06-10 14:20:03.428] [warning] Couldn't find file 'hat_ribs.vtp'.
[2023-06-10 14:20:03.753] [info] Loaded model P02_scaled from file C:\Users\Balu\Nextcloud\Documents\MA\Code\Kira_MSc_data\P02\\pre\model\FINAL_PERSONALISEDTORSIONS_scaled_final.osim
[2023-06-10 14:20:03.755] [warning] Couldn't find file 'treadmill.vtp'.
[2023-06-10 14:20:03.755] [warning] Couldn't find file 'sacrum.vtp'.
[2023-06-10 14:20:03.755] [warning] Couldn't find file 'pelvis.vtp'.
[2023-06-10 14:20:03.756] [warning] Couldn't find file 'l_pelvis.vtp'.
[2023-06-10 14:20:03.757] [warning] Couldn't find file 'fibula.vtp'.
[2023-06-10 14:20:03.759] [warning] Couldn't find file 'fibula_l.vtp'.
[2023-06-10 14:20:03.760] [warning] Couldn't find file 'hat_spine.vtp'.
[2023-06-10 14:20:03.760] [warning] Couldn't find file 'hat_jaw.vtp'.
[2023-06-10 14:20:03.761] [warning] Couldn't find file 'hat_skull.vtp'.
[2023-06-10 14:20:03.761] [warning] Couldn't find file 'hat_ribs.vtp'.
[2023-06-10 14:20:05.376] [info] Loaded model P03_scaled from file C:\Users\Balu\Nextcloud\Documents\MA\Code\Kira_MSc_data\P03\\pre\model\FINAL_PERSONALISEDTORSIONS_scaled_final.osim
[2023-06-10 14:20:05.378] [warning] Couldn't find file 'treadmill.vtp'.
[2023-06-10 14:20:05.378] [warning] Couldn't find file 'sacrum.vtp'.
[2023-06-10 14:20:05.378] [warning] Couldn't find file 'pelvis.vtp'.
[2023-06-10 14:20:05.379] [warning] Couldn't find file 'l_pelvis.vtp'.
[2023-06-10 14:20:05.380] [warning] Couldn't find file 'fibula.vtp'.
[2023-06-10 14:20:05.382] [warning] Couldn't find file 'fibula_l.vtp'.
[2023-06-10 14:20:05.383] [warning] Couldn't find file 'hat_spine.vtp'.
[2023-06-10 14:20:05.383] [warning] Couldn't find file 'hat_jaw.vtp'.
[2023-06-10 14:20:05.384] [warning] Couldn't find file 'hat_skull.vtp'.
[2023-06-10 14:20:05.384] [warning] Couldn't find file 'hat_ribs.vtp'.
[2023-06-10 14:20:05.688] [info] Loaded model P04_scaled from file C:\Users\Balu\Nextcloud\Documents\MA\Code\Kira_MSc_data\P04\\pre\model\FINAL_PERSONALISEDTORSIONS_scaled_final.osim
[2023-06-10 14:20:05.689] [warning] Couldn't find file 'treadmill.vtp'.
[2023-06-10 14:20:05.690] [warning] Couldn't find file 'sacrum.vtp'.
[2023-06-10 14:20:05.690] [warning] Couldn't find file 'pelvis.vtp'.
[2023-06-10 14:20:05.690] [warning] Couldn't find file 'l_pelvis.vtp'.
[2023-06-10 14:20:05.692] [warning] Couldn't find file 'fibula.vtp'.
[2023-06-10 14:20:05.694] [warning] Couldn't find file 'fibula_l.vtp'.
[2023-06-10 14:20:05.695] [warning] Couldn't find file 'hat_spine.vtp'.
[2023-06-10 14:20:05.696] [warning] Couldn't find file 'hat_jaw.vtp'.
[2023-06-10 14:20:05.696] [warning] Couldn't find file 'hat_skull.vtp'.
[2023-06-10 14:20:05.696] [warning] Couldn't find file 'hat_ribs.vtp'.
[2023-06-10 14:20:05.925] [info] Loaded model P05_scaled from file C:\Users\Balu\Nextcloud\Documents\MA\Code\Kira_MSc_data\P05\\pre\model\FINAL_PERSONALISEDTORSIONS_scaled_final.osim
[2023-06-10 14:20:05.926] [warning] Couldn't find file 'treadmill.vtp'.
[2023-06-10 14:20:05.927] [warning] Couldn't find file 'sacrum.vtp'.
[2023-06-10 14:20:05.927] [warning] Couldn't find file 'pelvis.vtp'.
[2023-06-10 14:20:05.927] [warning] Couldn't find file 'l_pelvis.vtp'.
[2023-06-10 14:20:05.929] [warning] Couldn't find file 'fibula.vtp'.
[2023-06-10 14:20:05.931] [warning] Couldn't find file 'fibula_l.vtp'.
[2023-06-10 14:20:05.933] [warning] Couldn't find file 'hat_spine.vtp'.
[2023-06-10 14:20:05.933] [warning] Couldn't find file 'hat_jaw.vtp'.
[2023-06-10 14:20:05.933] [warning] Couldn't find file 'hat_skull.vtp'.
[2023-06-10 14:20:05.934] [warning] Couldn't find file 'hat_ribs.vtp'.
[2023-06-10 14:20:06.171] [info] Loaded model P01_scaled from file C:\Users\Balu\Nextcloud\Documents\MA\Code\Kira_MSc_data\P01\\post\model\FINAL_PERSONALISEDTORSIONS_scaled_final.osim
[2023-06-10 14:20:06.173] [warning] Couldn't find file 'treadmill.vtp'.
[2023-06-10 14:20:06.173] [warning] Couldn't find file 'sacrum.vtp'.
[2023-06-10 14:20:06.173] [warning] Couldn't find file 'pelvis.vtp'.
[2023-06-10 14:20:06.174] [warning] Couldn't find file 'l_pelvis.vtp'.
[2023-06-10 14:20:06.175] [warning] Couldn't find file 'fibula.vtp'.
[2023-06-10 14:20:06.177] [warning] Couldn't find file 'fibula_l.vtp'.
[2023-06-10 14:20:06.178] [warning] Couldn't find file 'hat_spine.vtp'.
[2023-06-10 14:20:06.178] [warning] Couldn't find file 'hat_jaw.vtp'.
[2023-06-10 14:20:06.179] [warning] Couldn't find file 'hat_skull.vtp'.
[2023-06-10 14:20:06.179] [warning] Couldn't find file 'hat_ribs.vtp'.
[2023-06-10 14:20:06.540] [info] Loaded model P02_scaled from file C:\Users\Balu\Nextcloud\Documents\MA\Code\Kira_MSc_data\P02\\post\model\FINAL_PERSONALISEDTORSIONS_scaled_final.osim
[2023-06-10 14:20:06.542] [warning] Couldn't find file 'treadmill.vtp'.
[2023-06-10 14:20:06.543] [warning] Couldn't find file 'sacrum.vtp'.
[2023-06-10 14:20:06.543] [warning] Couldn't find file 'pelvis.vtp'.
[2023-06-10 14:20:06.544] [warning] Couldn't find file 'l_pelvis.vtp'.
[2023-06-10 14:20:06.545] [warning] Couldn't find file 'fibula.vtp'.
[2023-06-10 14:20:06.548] [warning] Couldn't find file 'fibula_l.vtp'.
[2023-06-10 14:20:06.549] [warning] Couldn't find file 'hat_spine.vtp'.
[2023-06-10 14:20:06.549] [warning] Couldn't find file 'hat_jaw.vtp'.
[2023-06-10 14:20:06.550] [warning] Couldn't find file 'hat_skull.vtp'.
[2023-06-10 14:20:06.550] [warning] Couldn't find file 'hat_ribs.vtp'.
[2023-06-10 14:20:06.827] [info] Loaded model P03_scaled from file C:\Users\Balu\Nextcloud\Documents\MA\Code\Kira_MSc_data\P03\\post\model\FINAL_PERSONALISEDTORSIONS_scaled_final.osim
[2023-06-10 14:20:06.828] [warning] Couldn't find file 'treadmill.vtp'.
[2023-06-10 14:20:06.829] [warning] Couldn't find file 'sacrum.vtp'.
[2023-06-10 14:20:06.829] [warning] Couldn't find file 'pelvis.vtp'.
[2023-06-10 14:20:06.829] [warning] Couldn't find file 'l_pelvis.vtp'.
[2023-06-10 14:20:06.830] [warning] Couldn't find file 'fibula.vtp'.
[2023-06-10 14:20:06.832] [warning] Couldn't find file 'fibula_l.vtp'.
[2023-06-10 14:20:06.834] [warning] Couldn't find file 'hat_spine.vtp'.
[2023-06-10 14:20:06.834] [warning] Couldn't find file 'hat_jaw.vtp'.
[2023-06-10 14:20:06.835] [warning] Couldn't find file 'hat_skull.vtp'.
[2023-06-10 14:20:06.835] [warning] Couldn't find file 'hat_ribs.vtp'.
[2023-06-10 14:20:07.083] [info] Loaded model P04_scaled from file C:\Users\Balu\Nextcloud\Documents\MA\Code\Kira_MSc_data\P04\\post\model\FINAL_PERSONALISEDTORSIONS_scaled_final.osim
[2023-06-10 14:20:07.084] [warning] Couldn't find file 'treadmill.vtp'.
[2023-06-10 14:20:07.085] [warning] Couldn't find file 'sacrum.vtp'.
[2023-06-10 14:20:07.085] [warning] Couldn't find file 'pelvis.vtp'.
[2023-06-10 14:20:07.086] [warning] Couldn't find file 'l_pelvis.vtp'.
[2023-06-10 14:20:07.087] [warning] Couldn't find file 'fibula.vtp'.
[2023-06-10 14:20:07.089] [warning] Couldn't find file 'fibula_l.vtp'.
[2023-06-10 14:20:07.090] [warning] Couldn't find file 'hat_spine.vtp'.
[2023-06-10 14:20:07.091] [warning] Couldn't find file 'hat_jaw.vtp'.
[2023-06-10 14:20:07.091] [warning] Couldn't find file 'hat_skull.vtp'.
[2023-06-10 14:20:07.091] [warning] Couldn't find file 'hat_ribs.vtp'.
[2023-06-10 14:20:07.301] [info] Loaded model P05_scaled from file C:\Users\Balu\Nextcloud\Documents\MA\Code\Kira_MSc_data\P05\\post\model\FINAL_PERSONALISEDTORSIONS_scaled_final.osim
[2023-06-10 14:20:07.303] [warning] Couldn't find file 'treadmill.vtp'.
[2023-06-10 14:20:07.303] [warning] Couldn't find file 'sacrum.vtp'.
[2023-06-10 14:20:07.304] [warning] Couldn't find file 'pelvis.vtp'.
[2023-06-10 14:20:07.304] [warning] Couldn't find file 'l_pelvis.vtp'.
[2023-06-10 14:20:07.305] [warning] Couldn't find file 'fibula.vtp'.
[2023-06-10 14:20:07.308] [warning] Couldn't find file 'fibula_l.vtp'.
[2023-06-10 14:20:07.310] [warning] Couldn't find file 'hat_spine.vtp'.
[2023-06-10 14:20:07.310] [warning] Couldn't find file 'hat_jaw.vtp'.
[2023-06-10 14:20:07.310] [warning] Couldn't find file 'hat_skull.vtp'.
[2023-06-10 14:20:07.311] [warning] Couldn't find file 'hat_ribs.vtp'.
[2023-06-10 14:20:07.547] [info] Loaded model TD04_scaled from file C:\Users\Balu\Nextcloud\Documents\MA\Code\Kira_MSc_data\TD04\\model\FINAL_PERSONALISEDTORSIONS_scaled_final.osim
[2023-06-10 14:20:07.549] [warning] Couldn't find file 'treadmill.vtp'.
[2023-06-10 14:20:07.549] [warning] Couldn't find file 'sacrum.vtp'.
[2023-06-10 14:20:07.549] [warning] Couldn't find file 'pelvis.vtp'.
[2023-06-10 14:20:07.550] [warning] Couldn't find file 'l_pelvis.vtp'.
[2023-06-10 14:20:07.551] [warning] Couldn't find file 'fibula.vtp'.
[2023-06-10 14:20:07.553] [warning] Couldn't find file 'fibula_l.vtp'.
[2023-06-10 14:20:07.554] [warning] Couldn't find file 'hat_spine.vtp'.
[2023-06-10 14:20:07.554] [warning] Couldn't find file 'hat_jaw.vtp'.
[2023-06-10 14:20:07.555] [warning] Couldn't find file 'hat_skull.vtp'.
[2023-06-10 14:20:07.555] [warning] Couldn't find file 'hat_ribs.vtp'.
[2023-06-10 14:20:07.819] [info] Loaded model TD06_scaled from file C:\Users\Balu\Nextcloud\Documents\MA\Code\Kira_MSc_data\TD06\\model\FINAL_PERSONALISEDTORSIONS_scaled_final.osim
[2023-06-10 14:20:07.821] [warning] Couldn't find file 'treadmill.vtp'.
[2023-06-10 14:20:07.822] [warning] Couldn't find file 'sacrum.vtp'.
[2023-06-10 14:20:07.822] [warning] Couldn't find file 'pelvis.vtp'.
[2023-06-10 14:20:07.823] [warning] Couldn't find file 'l_pelvis.vtp'.
[2023-06-10 14:20:07.825] [warning] Couldn't find file 'fibula.vtp'.
[2023-06-10 14:20:07.828] [warning] Couldn't find file 'fibula_l.vtp'.
[2023-06-10 14:20:07.831] [warning] Couldn't find file 'hat_spine.vtp'.
[2023-06-10 14:20:07.831] [warning] Couldn't find file 'hat_jaw.vtp'.
[2023-06-10 14:20:07.832] [warning] Couldn't find file 'hat_skull.vtp'.
[2023-06-10 14:20:07.833] [warning] Couldn't find file 'hat_ribs.vtp'.
[2023-06-10 14:20:08.137] [info] Loaded model TD07_scaled from file C:\Users\Balu\Nextcloud\Documents\MA\Code\Kira_MSc_data\TD07\\model\FINAL_PERSONALISEDTORSIONS_scaled_final.osim
[2023-06-10 14:20:08.139] [warning] Couldn't find file 'treadmill.vtp'.
[2023-06-10 14:20:08.139] [warning] Couldn't find file 'sacrum.vtp'.
[2023-06-10 14:20:08.139] [warning] Couldn't find file 'pelvis.vtp'.
[2023-06-10 14:20:08.140] [warning] Couldn't find file 'l_pelvis.vtp'.
[2023-06-10 14:20:08.141] [warning] Couldn't find file 'fibula.vtp'.
[2023-06-10 14:20:08.143] [warning] Couldn't find file 'fibula_l.vtp'.
[2023-06-10 14:20:08.144] [warning] Couldn't find file 'hat_spine.vtp'.
[2023-06-10 14:20:08.144] [warning] Couldn't find file 'hat_jaw.vtp'.
[2023-06-10 14:20:08.145] [warning] Couldn't find file 'hat_skull.vtp'.
[2023-06-10 14:20:08.145] [warning] Couldn't find file 'hat_ribs.vtp'.
[2023-06-10 14:35:46.548] [info] Loaded model P01_scaled from file C:\Users\Balu\Nextcloud\Documents\MA\Code\Kira_MSc_data\P01\\pre\model\FINAL_PERSONALISEDTORSIONS_scaled_final.osim
[2023-06-10 14:35:46.550] [warning] Couldn't find file 'treadmill.vtp'.
[2023-06-10 14:35:46.550] [warning] Couldn't find file 'sacrum.vtp'.
[2023-06-10 14:35:46.551] [warning] Couldn't find file 'pelvis.vtp'.
[2023-06-10 14:35:46.551] [warning] Couldn't find file 'l_pelvis.vtp'.
[2023-06-10 14:35:46.552] [warning] Couldn't find file 'fibula.vtp'.
[2023-06-10 14:35:46.554] [warning] Couldn't find file 'fibula_l.vtp'.
[2023-06-10 14:35:46.555] [warning] Couldn't find file 'hat_spine.vtp'.
[2023-06-10 14:35:46.555] [warning] Couldn't find file 'hat_jaw.vtp'.
[2023-06-10 14:35:46.555] [warning] Couldn't find file 'hat_skull.vtp'.
[2023-06-10 14:35:46.556] [warning] Couldn't find file 'hat_ribs.vtp'.
[2023-06-10 14:35:46.812] [info] Loaded model P02_scaled from file C:\Users\Balu\Nextcloud\Documents\MA\Code\Kira_MSc_data\P02\\pre\model\FINAL_PERSONALISEDTORSIONS_scaled_final.osim
[2023-06-10 14:35:46.813] [warning] Couldn't find file 'treadmill.vtp'.
[2023-06-10 14:35:46.814] [warning] Couldn't find file 'sacrum.vtp'.
[2023-06-10 14:35:46.814] [warning] Couldn't find file 'pelvis.vtp'.
[2023-06-10 14:35:46.814] [warning] Couldn't find file 'l_pelvis.vtp'.
[2023-06-10 14:35:46.815] [warning] Couldn't find file 'fibula.vtp'.
[2023-06-10 14:35:46.817] [warning] Couldn't find file 'fibula_l.vtp'.
[2023-06-10 14:35:46.818] [warning] Couldn't find file 'hat_spine.vtp'.
[2023-06-10 14:35:46.818] [warning] Couldn't find file 'hat_jaw.vtp'.
[2023-06-10 14:35:46.818] [warning] Couldn't find file 'hat_skull.vtp'.
[2023-06-10 14:35:46.819] [warning] Couldn't find file 'hat_ribs.vtp'.
[2023-06-10 14:35:47.085] [info] Loaded model P03_scaled from file C:\Users\Balu\Nextcloud\Documents\MA\Code\Kira_MSc_data\P03\\pre\model\FINAL_PERSONALISEDTORSIONS_scaled_final.osim
[2023-06-10 14:35:47.087] [warning] Couldn't find file 'treadmill.vtp'.
[2023-06-10 14:35:47.087] [warning] Couldn't find file 'sacrum.vtp'.
[2023-06-10 14:35:47.088] [warning] Couldn't find file 'pelvis.vtp'.
[2023-06-10 14:35:47.088] [warning] Couldn't find file 'l_pelvis.vtp'.
[2023-06-10 14:35:47.089] [warning] Couldn't find file 'fibula.vtp'.
[2023-06-10 14:35:47.091] [warning] Couldn't find file 'fibula_l.vtp'.
[2023-06-10 14:35:47.092] [warning] Couldn't find file 'hat_spine.vtp'.
[2023-06-10 14:35:47.093] [warning] Couldn't find file 'hat_jaw.vtp'.
[2023-06-10 14:35:47.093] [warning] Couldn't find file 'hat_skull.vtp'.
[2023-06-10 14:35:47.094] [warning] Couldn't find file 'hat_ribs.vtp'.
[2023-06-10 14:35:47.432] [info] Loaded model P04_scaled from file C:\Users\Balu\Nextcloud\Documents\MA\Code\Kira_MSc_data\P04\\pre\model\FINAL_PERSONALISEDTORSIONS_scaled_final.osim
[2023-06-10 14:35:47.434] [warning] Couldn't find file 'treadmill.vtp'.
[2023-06-10 14:35:47.434] [warning] Couldn't find file 'sacrum.vtp'.
[2023-06-10 14:35:47.435] [warning] Couldn't find file 'pelvis.vtp'.
[2023-06-10 14:35:47.435] [warning] Couldn't find file 'l_pelvis.vtp'.
[2023-06-10 14:35:47.436] [warning] Couldn't find file 'fibula.vtp'.
[2023-06-10 14:35:47.439] [warning] Couldn't find file 'fibula_l.vtp'.
[2023-06-10 14:35:47.441] [warning] Couldn't find file 'hat_spine.vtp'.
[2023-06-10 14:35:47.441] [warning] Couldn't find file 'hat_jaw.vtp'.
[2023-06-10 14:35:47.442] [warning] Couldn't find file 'hat_skull.vtp'.
[2023-06-10 14:35:47.442] [warning] Couldn't find file 'hat_ribs.vtp'.
[2023-06-10 14:35:47.710] [info] Loaded model P05_scaled from file C:\Users\Balu\Nextcloud\Documents\MA\Code\Kira_MSc_data\P05\\pre\model\FINAL_PERSONALISEDTORSIONS_scaled_final.osim
[2023-06-10 14:35:47.712] [warning] Couldn't find file 'treadmill.vtp'.
[2023-06-10 14:35:47.713] [warning] Couldn't find file 'sacrum.vtp'.
[2023-06-10 14:35:47.714] [warning] Couldn't find file 'pelvis.vtp'.
[2023-06-10 14:35:47.715] [warning] Couldn't find file 'l_pelvis.vtp'.
[2023-06-10 14:35:47.718] [warning] Couldn't find file 'fibula.vtp'.
[2023-06-10 14:35:47.725] [warning] Couldn't find file 'fibula_l.vtp'.
[2023-06-10 14:35:47.728] [warning] Couldn't find file 'hat_spine.vtp'.
[2023-06-10 14:35:47.729] [warning] Couldn't find file 'hat_jaw.vtp'.
[2023-06-10 14:35:47.730] [warning] Couldn't find file 'hat_skull.vtp'.
[2023-06-10 14:35:47.730] [warning] Couldn't find file 'hat_ribs.vtp'.
[2023-06-10 14:35:47.987] [info] Loaded model P01_scaled from file C:\Users\Balu\Nextcloud\Documents\MA\Code\Kira_MSc_data\P01\\post\model\FINAL_PERSONALISEDTORSIONS_scaled_final.osim
[2023-06-10 14:35:47.989] [warning] Couldn't find file 'treadmill.vtp'.
[2023-06-10 14:35:47.989] [warning] Couldn't find file 'sacrum.vtp'.
[2023-06-10 14:35:47.989] [warning] Couldn't find file 'pelvis.vtp'.
[2023-06-10 14:35:47.990] [warning] Couldn't find file 'l_pelvis.vtp'.
[2023-06-10 14:35:47.991] [warning] Couldn't find file 'fibula.vtp'.
[2023-06-10 14:35:47.993] [warning] Couldn't find file 'fibula_l.vtp'.
[2023-06-10 14:35:47.994] [warning] Couldn't find file 'hat_spine.vtp'.
[2023-06-10 14:35:47.994] [warning] Couldn't find file 'hat_jaw.vtp'.
[2023-06-10 14:35:47.994] [warning] Couldn't find file 'hat_skull.vtp'.
[2023-06-10 14:35:47.995] [warning] Couldn't find file 'hat_ribs.vtp'.
[2023-06-10 14:35:48.236] [info] Loaded model P02_scaled from file C:\Users\Balu\Nextcloud\Documents\MA\Code\Kira_MSc_data\P02\\post\model\FINAL_PERSONALISEDTORSIONS_scaled_final.osim
[2023-06-10 14:35:48.238] [warning] Couldn't find file 'treadmill.vtp'.
[2023-06-10 14:35:48.238] [warning] Couldn't find file 'sacrum.vtp'.
[2023-06-10 14:35:48.238] [warning] Couldn't find file 'pelvis.vtp'.
[2023-06-10 14:35:48.239] [warning] Couldn't find file 'l_pelvis.vtp'.
[2023-06-10 14:35:48.240] [warning] Couldn't find file 'fibula.vtp'.
[2023-06-10 14:35:48.243] [warning] Couldn't find file 'fibula_l.vtp'.
[2023-06-10 14:35:48.245] [warning] Couldn't find file 'hat_spine.vtp'.
[2023-06-10 14:35:48.245] [warning] Couldn't find file 'hat_jaw.vtp'.
[2023-06-10 14:35:48.246] [warning] Couldn't find file 'hat_skull.vtp'.
[2023-06-10 14:35:48.247] [warning] Couldn't find file 'hat_ribs.vtp'.
[2023-06-10 14:35:48.632] [info] Loaded model P03_scaled from file C:\Users\Balu\Nextcloud\Documents\MA\Code\Kira_MSc_data\P03\\post\model\FINAL_PERSONALISEDTORSIONS_scaled_final.osim
[2023-06-10 14:35:48.633] [warning] Couldn't find file 'treadmill.vtp'.
[2023-06-10 14:35:48.634] [warning] Couldn't find file 'sacrum.vtp'.
[2023-06-10 14:35:48.635] [warning] Couldn't find file 'pelvis.vtp'.
[2023-06-10 14:35:48.635] [warning] Couldn't find file 'l_pelvis.vtp'.
[2023-06-10 14:35:48.637] [warning] Couldn't find file 'fibula.vtp'.
[2023-06-10 14:35:48.640] [warning] Couldn't find file 'fibula_l.vtp'.
[2023-06-10 14:35:48.643] [warning] Couldn't find file 'hat_spine.vtp'.
[2023-06-10 14:35:48.644] [warning] Couldn't find file 'hat_jaw.vtp'.
[2023-06-10 14:35:48.644] [warning] Couldn't find file 'hat_skull.vtp'.
[2023-06-10 14:35:48.645] [warning] Couldn't find file 'hat_ribs.vtp'.
[2023-06-10 14:35:48.990] [info] Loaded model P04_scaled from file C:\Users\Balu\Nextcloud\Documents\MA\Code\Kira_MSc_data\P04\\post\model\FINAL_PERSONALISEDTORSIONS_scaled_final.osim
[2023-06-10 14:35:48.991] [warning] Couldn't find file 'treadmill.vtp'.
[2023-06-10 14:35:48.992] [warning] Couldn't find file 'sacrum.vtp'.
[2023-06-10 14:35:48.992] [warning] Couldn't find file 'pelvis.vtp'.
[2023-06-10 14:35:48.993] [warning] Couldn't find file 'l_pelvis.vtp'.
[2023-06-10 14:35:48.994] [warning] Couldn't find file 'fibula.vtp'.
[2023-06-10 14:35:48.995] [warning] Couldn't find file 'fibula_l.vtp'.
[2023-06-10 14:35:48.997] [warning] Couldn't find file 'hat_spine.vtp'.
[2023-06-10 14:35:48.997] [warning] Couldn't find file 'hat_jaw.vtp'.
[2023-06-10 14:35:48.997] [warning] Couldn't find file 'hat_skull.vtp'.
[2023-06-10 14:35:48.997] [warning] Couldn't find file 'hat_ribs.vtp'.
[2023-06-10 14:35:49.315] [info] Loaded model P05_scaled from file C:\Users\Balu\Nextcloud\Documents\MA\Code\Kira_MSc_data\P05\\post\model\FINAL_PERSONALISEDTORSIONS_scaled_final.osim
[2023-06-10 14:35:49.316] [warning] Couldn't find file 'treadmill.vtp'.
[2023-06-10 14:35:49.317] [warning] Couldn't find file 'sacrum.vtp'.
[2023-06-10 14:35:49.317] [warning] Couldn't find file 'pelvis.vtp'.
[2023-06-10 14:35:49.317] [warning] Couldn't find file 'l_pelvis.vtp'.
[2023-06-10 14:35:49.318] [warning] Couldn't find file 'fibula.vtp'.
[2023-06-10 14:35:49.320] [warning] Couldn't find file 'fibula_l.vtp'.
[2023-06-10 14:35:49.321] [warning] Couldn't find file 'hat_spine.vtp'.
[2023-06-10 14:35:49.321] [warning] Couldn't find file 'hat_jaw.vtp'.
[2023-06-10 14:35:49.321] [warning] Couldn't find file 'hat_skull.vtp'.
[2023-06-10 14:35:49.322] [warning] Couldn't find file 'hat_ribs.vtp'.
[2023-06-10 14:35:49.597] [info] Loaded model TD04_scaled from file C:\Users\Balu\Nextcloud\Documents\MA\Code\Kira_MSc_data\TD04\\model\FINAL_PERSONALISEDTORSIONS_scaled_final.osim
[2023-06-10 14:35:49.598] [warning] Couldn't find file 'treadmill.vtp'.
[2023-06-10 14:35:49.599] [warning] Couldn't find file 'sacrum.vtp'.
[2023-06-10 14:35:49.599] [warning] Couldn't find file 'pelvis.vtp'.
[2023-06-10 14:35:49.599] [warning] Couldn't find file 'l_pelvis.vtp'.
[2023-06-10 14:35:49.600] [warning] Couldn't find file 'fibula.vtp'.
[2023-06-10 14:35:49.602] [warning] Couldn't find file 'fibula_l.vtp'.
[2023-06-10 14:35:49.603] [warning] Couldn't find file 'hat_spine.vtp'.
[2023-06-10 14:35:49.604] [warning] Couldn't find file 'hat_jaw.vtp'.
[2023-06-10 14:35:49.604] [warning] Couldn't find file 'hat_skull.vtp'.
[2023-06-10 14:35:49.604] [warning] Couldn't find file 'hat_ribs.vtp'.
[2023-06-10 14:35:49.964] [info] Loaded model TD06_scaled from file C:\Users\Balu\Nextcloud\Documents\MA\Code\Kira_MSc_data\TD06\\model\FINAL_PERSONALISEDTORSIONS_scaled_final.osim
[2023-06-10 14:35:49.966] [warning] Couldn't find file 'treadmill.vtp'.
[2023-06-10 14:35:49.966] [warning] Couldn't find file 'sacrum.vtp'.
[2023-06-10 14:35:49.967] [warning] Couldn't find file 'pelvis.vtp'.
[2023-06-10 14:35:49.968] [warning] Couldn't find file 'l_pelvis.vtp'.
[2023-06-10 14:35:49.969] [warning] Couldn't find file 'fibula.vtp'.
[2023-06-10 14:35:49.973] [warning] Couldn't find file 'fibula_l.vtp'.
[2023-06-10 14:35:49.976] [warning] Couldn't find file 'hat_spine.vtp'.
[2023-06-10 14:35:49.977] [warning] Couldn't find file 'hat_jaw.vtp'.
[2023-06-10 14:35:49.977] [warning] Couldn't find file 'hat_skull.vtp'.
[2023-06-10 14:35:49.978] [warning] Couldn't find file 'hat_ribs.vtp'.
[2023-06-10 14:35:50.438] [info] Loaded model TD07_scaled from file C:\Users\Balu\Nextcloud\Documents\MA\Code\Kira_MSc_data\TD07\\model\FINAL_PERSONALISEDTORSIONS_scaled_final.osim
[2023-06-10 14:35:50.439] [warning] Couldn't find file 'treadmill.vtp'.
[2023-06-10 14:35:50.440] [warning] Couldn't find file 'sacrum.vtp'.
[2023-06-10 14:35:50.440] [warning] Couldn't find file 'pelvis.vtp'.
[2023-06-10 14:35:50.441] [warning] Couldn't find file 'l_pelvis.vtp'.
[2023-06-10 14:35:50.443] [warning] Couldn't find file 'fibula.vtp'.
[2023-06-10 14:35:50.447] [warning] Couldn't find file 'fibula_l.vtp'.
[2023-06-10 14:35:50.449] [warning] Couldn't find file 'hat_spine.vtp'.
[2023-06-10 14:35:50.449] [warning] Couldn't find file 'hat_jaw.vtp'.
[2023-06-10 14:35:50.450] [warning] Couldn't find file 'hat_skull.vtp'.
[2023-06-10 14:35:50.452] [warning] Couldn't find file 'hat_ribs.vtp'.
[2023-06-10 16:59:43.746] [info] Loaded model P01_scaled from file C:\Users\Balu\Nextcloud\Documents\MA\Code\Kira_MSc_data\P01\\pre\model\FINAL_PERSONALISEDTORSIONS_scaled_final.osim
[2023-06-10 16:59:43.754] [warning] Couldn't find file 'treadmill.vtp'.
[2023-06-10 16:59:43.755] [warning] Couldn't find file 'sacrum.vtp'.
[2023-06-10 16:59:43.755] [warning] Couldn't find file 'pelvis.vtp'.
[2023-06-10 16:59:43.755] [warning] Couldn't find file 'l_pelvis.vtp'.
[2023-06-10 16:59:43.759] [warning] Couldn't find file 'fibula.vtp'.
[2023-06-10 16:59:43.762] [warning] Couldn't find file 'fibula_l.vtp'.
[2023-06-10 16:59:43.764] [warning] Couldn't find file 'hat_spine.vtp'.
[2023-06-10 16:59:43.764] [warning] Couldn't find file 'hat_jaw.vtp'.
[2023-06-10 16:59:43.764] [warning] Couldn't find file 'hat_skull.vtp'.
[2023-06-10 16:59:43.765] [warning] Couldn't find file 'hat_ribs.vtp'.
[2023-06-10 16:59:44.178] [info] Loaded model P02_scaled from file C:\Users\Balu\Nextcloud\Documents\MA\Code\Kira_MSc_data\P02\\pre\model\FINAL_PERSONALISEDTORSIONS_scaled_final.osim
[2023-06-10 16:59:44.180] [warning] Couldn't find file 'treadmill.vtp'.
[2023-06-10 16:59:44.181] [warning] Couldn't find file 'sacrum.vtp'.
[2023-06-10 16:59:44.181] [warning] Couldn't find file 'pelvis.vtp'.
[2023-06-10 16:59:44.182] [warning] Couldn't find file 'l_pelvis.vtp'.
[2023-06-10 16:59:44.184] [warning] Couldn't find file 'fibula.vtp'.
[2023-06-10 16:59:44.186] [warning] Couldn't find file 'fibula_l.vtp'.
[2023-06-10 16:59:44.188] [warning] Couldn't find file 'hat_spine.vtp'.
[2023-06-10 16:59:44.189] [warning] Couldn't find file 'hat_jaw.vtp'.
[2023-06-10 16:59:44.189] [warning] Couldn't find file 'hat_skull.vtp'.
[2023-06-10 16:59:44.189] [warning] Couldn't find file 'hat_ribs.vtp'.
[2023-06-10 16:59:44.571] [info] Loaded model P03_scaled from file C:\Users\Balu\Nextcloud\Documents\MA\Code\Kira_MSc_data\P03\\pre\model\FINAL_PERSONALISEDTORSIONS_scaled_final.osim
[2023-06-10 16:59:44.573] [warning] Couldn't find file 'treadmill.vtp'.
[2023-06-10 16:59:44.573] [warning] Couldn't find file 'sacrum.vtp'.
[2023-06-10 16:59:44.573] [warning] Couldn't find file 'pelvis.vtp'.
[2023-06-10 16:59:44.574] [warning] Couldn't find file 'l_pelvis.vtp'.
[2023-06-10 16:59:44.575] [warning] Couldn't find file 'fibula.vtp'.
[2023-06-10 16:59:44.577] [warning] Couldn't find file 'fibula_l.vtp'.
[2023-06-10 16:59:44.578] [warning] Couldn't find file 'hat_spine.vtp'.
[2023-06-10 16:59:44.579] [warning] Couldn't find file 'hat_jaw.vtp'.
[2023-06-10 16:59:44.579] [warning] Couldn't find file 'hat_skull.vtp'.
[2023-06-10 16:59:44.579] [warning] Couldn't find file 'hat_ribs.vtp'.
[2023-06-10 16:59:44.895] [info] Loaded model P04_scaled from file C:\Users\Balu\Nextcloud\Documents\MA\Code\Kira_MSc_data\P04\\pre\model\FINAL_PERSONALISEDTORSIONS_scaled_final.osim
[2023-06-10 16:59:44.896] [warning] Couldn't find file 'treadmill.vtp'.
[2023-06-10 16:59:44.896] [warning] Couldn't find file 'sacrum.vtp'.
[2023-06-10 16:59:44.897] [warning] Couldn't find file 'pelvis.vtp'.
[2023-06-10 16:59:44.898] [warning] Couldn't find file 'l_pelvis.vtp'.
[2023-06-10 16:59:44.900] [warning] Couldn't find file 'fibula.vtp'.
[2023-06-10 16:59:44.903] [warning] Couldn't find file 'fibula_l.vtp'.
[2023-06-10 16:59:44.905] [warning] Couldn't find file 'hat_spine.vtp'.
[2023-06-10 16:59:44.906] [warning] Couldn't find file 'hat_jaw.vtp'.
[2023-06-10 16:59:44.906] [warning] Couldn't find file 'hat_skull.vtp'.
[2023-06-10 16:59:44.906] [warning] Couldn't find file 'hat_ribs.vtp'.
[2023-06-10 16:59:45.218] [info] Loaded model P05_scaled from file C:\Users\Balu\Nextcloud\Documents\MA\Code\Kira_MSc_data\P05\\pre\model\FINAL_PERSONALISEDTORSIONS_scaled_final.osim
[2023-06-10 16:59:45.219] [warning] Couldn't find file 'treadmill.vtp'.
[2023-06-10 16:59:45.220] [warning] Couldn't find file 'sacrum.vtp'.
[2023-06-10 16:59:45.220] [warning] Couldn't find file 'pelvis.vtp'.
[2023-06-10 16:59:45.220] [warning] Couldn't find file 'l_pelvis.vtp'.
[2023-06-10 16:59:45.221] [warning] Couldn't find file 'fibula.vtp'.
[2023-06-10 16:59:45.223] [warning] Couldn't find file 'fibula_l.vtp'.
[2023-06-10 16:59:45.225] [warning] Couldn't find file 'hat_spine.vtp'.
[2023-06-10 16:59:45.225] [warning] Couldn't find file 'hat_jaw.vtp'.
[2023-06-10 16:59:45.226] [warning] Couldn't find file 'hat_skull.vtp'.
[2023-06-10 16:59:45.226] [warning] Couldn't find file 'hat_ribs.vtp'.
[2023-06-10 16:59:45.667] [info] Loaded model P01_scaled from file C:\Users\Balu\Nextcloud\Documents\MA\Code\Kira_MSc_data\P01\\post\model\FINAL_PERSONALISEDTORSIONS_scaled_final.osim
[2023-06-10 16:59:45.669] [warning] Couldn't find file 'treadmill.vtp'.
[2023-06-10 16:59:45.670] [warning] Couldn't find file 'sacrum.vtp'.
[2023-06-10 16:59:45.671] [warning] Couldn't find file 'pelvis.vtp'.
[2023-06-10 16:59:45.671] [warning] Couldn't find file 'l_pelvis.vtp'.
[2023-06-10 16:59:45.673] [warning] Couldn't find file 'fibula.vtp'.
[2023-06-10 16:59:45.678] [warning] Couldn't find file 'fibula_l.vtp'.
[2023-06-10 16:59:45.680] [warning] Couldn't find file 'hat_spine.vtp'.
[2023-06-10 16:59:45.681] [warning] Couldn't find file 'hat_jaw.vtp'.
[2023-06-10 16:59:45.681] [warning] Couldn't find file 'hat_skull.vtp'.
[2023-06-10 16:59:45.682] [warning] Couldn't find file 'hat_ribs.vtp'.
[2023-06-10 16:59:45.972] [info] Loaded model P02_scaled from file C:\Users\Balu\Nextcloud\Documents\MA\Code\Kira_MSc_data\P02\\post\model\FINAL_PERSONALISEDTORSIONS_scaled_final.osim
[2023-06-10 16:59:45.974] [warning] Couldn't find file 'treadmill.vtp'.
[2023-06-10 16:59:45.975] [warning] Couldn't find file 'sacrum.vtp'.
[2023-06-10 16:59:45.975] [warning] Couldn't find file 'pelvis.vtp'.
[2023-06-10 16:59:45.975] [warning] Couldn't find file 'l_pelvis.vtp'.
[2023-06-10 16:59:45.976] [warning] Couldn't find file 'fibula.vtp'.
[2023-06-10 16:59:45.978] [warning] Couldn't find file 'fibula_l.vtp'.
[2023-06-10 16:59:45.980] [warning] Couldn't find file 'hat_spine.vtp'.
[2023-06-10 16:59:45.980] [warning] Couldn't find file 'hat_jaw.vtp'.
[2023-06-10 16:59:45.981] [warning] Couldn't find file 'hat_skull.vtp'.
[2023-06-10 16:59:45.981] [warning] Couldn't find file 'hat_ribs.vtp'.
[2023-06-10 16:59:46.198] [info] Loaded model P03_scaled from file C:\Users\Balu\Nextcloud\Documents\MA\Code\Kira_MSc_data\P03\\post\model\FINAL_PERSONALISEDTORSIONS_scaled_final.osim
[2023-06-10 16:59:46.200] [warning] Couldn't find file 'treadmill.vtp'.
[2023-06-10 16:59:46.200] [warning] Couldn't find file 'sacrum.vtp'.
[2023-06-10 16:59:46.200] [warning] Couldn't find file 'pelvis.vtp'.
[2023-06-10 16:59:46.201] [warning] Couldn't find file 'l_pelvis.vtp'.
[2023-06-10 16:59:46.202] [warning] Couldn't find file 'fibula.vtp'.
[2023-06-10 16:59:46.204] [warning] Couldn't find file 'fibula_l.vtp'.
[2023-06-10 16:59:46.205] [warning] Couldn't find file 'hat_spine.vtp'.
[2023-06-10 16:59:46.205] [warning] Couldn't find file 'hat_jaw.vtp'.
[2023-06-10 16:59:46.206] [warning] Couldn't find file 'hat_skull.vtp'.
[2023-06-10 16:59:46.206] [warning] Couldn't find file 'hat_ribs.vtp'.
[2023-06-10 16:59:46.421] [info] Loaded model P04_scaled from file C:\Users\Balu\Nextcloud\Documents\MA\Code\Kira_MSc_data\P04\\post\model\FINAL_PERSONALISEDTORSIONS_scaled_final.osim
[2023-06-10 16:59:46.422] [warning] Couldn't find file 'treadmill.vtp'.
[2023-06-10 16:59:46.422] [warning] Couldn't find file 'sacrum.vtp'.
[2023-06-10 16:59:46.423] [warning] Couldn't find file 'pelvis.vtp'.
[2023-06-10 16:59:46.423] [warning] Couldn't find file 'l_pelvis.vtp'.
[2023-06-10 16:59:46.425] [warning] Couldn't find file 'fibula.vtp'.
[2023-06-10 16:59:46.427] [warning] Couldn't find file 'fibula_l.vtp'.
[2023-06-10 16:59:46.428] [warning] Couldn't find file 'hat_spine.vtp'.
[2023-06-10 16:59:46.428] [warning] Couldn't find file 'hat_jaw.vtp'.
[2023-06-10 16:59:46.429] [warning] Couldn't find file 'hat_skull.vtp'.
[2023-06-10 16:59:46.429] [warning] Couldn't find file 'hat_ribs.vtp'.
[2023-06-10 16:59:46.642] [info] Loaded model P05_scaled from file C:\Users\Balu\Nextcloud\Documents\MA\Code\Kira_MSc_data\P05\\post\model\FINAL_PERSONALISEDTORSIONS_scaled_final.osim
[2023-06-10 16:59:46.643] [warning] Couldn't find file 'treadmill.vtp'.
[2023-06-10 16:59:46.644] [warning] Couldn't find file 'sacrum.vtp'.
[2023-06-10 16:59:46.644] [warning] Couldn't find file 'pelvis.vtp'.
[2023-06-10 16:59:46.644] [warning] Couldn't find file 'l_pelvis.vtp'.
[2023-06-10 16:59:46.645] [warning] Couldn't find file 'fibula.vtp'.
[2023-06-10 16:59:46.648] [warning] Couldn't find file 'fibula_l.vtp'.
[2023-06-10 16:59:46.649] [warning] Couldn't find file 'hat_spine.vtp'.
[2023-06-10 16:59:46.649] [warning] Couldn't find file 'hat_jaw.vtp'.
[2023-06-10 16:59:46.649] [warning] Couldn't find file 'hat_skull.vtp'.
[2023-06-10 16:59:46.650] [warning] Couldn't find file 'hat_ribs.vtp'.
[2023-06-10 16:59:46.880] [info] Loaded model TD04_scaled from file C:\Users\Balu\Nextcloud\Documents\MA\Code\Kira_MSc_data\TD04\\model\FINAL_PERSONALISEDTORSIONS_scaled_final.osim
[2023-06-10 16:59:46.881] [warning] Couldn't find file 'treadmill.vtp'.
[2023-06-10 16:59:46.882] [warning] Couldn't find file 'sacrum.vtp'.
[2023-06-10 16:59:46.882] [warning] Couldn't find file 'pelvis.vtp'.
[2023-06-10 16:59:46.882] [warning] Couldn't find file 'l_pelvis.vtp'.
[2023-06-10 16:59:46.883] [warning] Couldn't find file 'fibula.vtp'.
[2023-06-10 16:59:46.885] [warning] Couldn't find file 'fibula_l.vtp'.
[2023-06-10 16:59:46.887] [warning] Couldn't find file 'hat_spine.vtp'.
[2023-06-10 16:59:46.887] [warning] Couldn't find file 'hat_jaw.vtp'.
[2023-06-10 16:59:46.887] [warning] Couldn't find file 'hat_skull.vtp'.
[2023-06-10 16:59:46.888] [warning] Couldn't find file 'hat_ribs.vtp'.
[2023-06-10 16:59:47.194] [info] Loaded model TD06_scaled from file C:\Users\Balu\Nextcloud\Documents\MA\Code\Kira_MSc_data\TD06\\model\FINAL_PERSONALISEDTORSIONS_scaled_final.osim
[2023-06-10 16:59:47.196] [warning] Couldn't find file 'treadmill.vtp'.
[2023-06-10 16:59:47.197] [warning] Couldn't find file 'sacrum.vtp'.
[2023-06-10 16:59:47.197] [warning] Couldn't find file 'pelvis.vtp'.
[2023-06-10 16:59:47.198] [warning] Couldn't find file 'l_pelvis.vtp'.
[2023-06-10 16:59:47.200] [warning] Couldn't find file 'fibula.vtp'.
[2023-06-10 16:59:47.204] [warning] Couldn't find file 'fibula_l.vtp'.
[2023-06-10 16:59:47.206] [warning] Couldn't find file 'hat_spine.vtp'.
[2023-06-10 16:59:47.206] [warning] Couldn't find file 'hat_jaw.vtp'.
[2023-06-10 16:59:47.208] [warning] Couldn't find file 'hat_skull.vtp'.
[2023-06-10 16:59:47.209] [warning] Couldn't find file 'hat_ribs.vtp'.
[2023-06-10 16:59:47.506] [info] Loaded model TD07_scaled from file C:\Users\Balu\Nextcloud\Documents\MA\Code\Kira_MSc_data\TD07\\model\FINAL_PERSONALISEDTORSIONS_scaled_final.osim
[2023-06-10 16:59:47.508] [warning] Couldn't find file 'treadmill.vtp'.
[2023-06-10 16:59:47.508] [warning] Couldn't find file 'sacrum.vtp'.
[2023-06-10 16:59:47.509] [warning] Couldn't find file 'pelvis.vtp'.
[2023-06-10 16:59:47.509] [warning] Couldn't find file 'l_pelvis.vtp'.
[2023-06-10 16:59:47.510] [warning] Couldn't find file 'fibula.vtp'.
[2023-06-10 16:59:47.512] [warning] Couldn't find file 'fibula_l.vtp'.
[2023-06-10 16:59:47.513] [warning] Couldn't find file 'hat_spine.vtp'.
[2023-06-10 16:59:47.513] [warning] Couldn't find file 'hat_jaw.vtp'.
[2023-06-10 16:59:47.514] [warning] Couldn't find file 'hat_skull.vtp'.
[2023-06-10 16:59:47.514] [warning] Couldn't find file 'hat_ribs.vtp'.
